<?xml version="1.0" encoding="UTF-8"?>
<!-- Generated by org.testng.reporters.JUnitReportReporter -->
<testsuite hostname="LAPTOP-P64O7Q5R" failures="0" tests="1" name="ca.orbit5.project.OrderCompleteTest" time="86.320" errors="0" timestamp="2022-12-26T23:12:29 EST" skipped="0">
  <testcase classname="ca.orbit5.project.OrderCompleteTest" name="endToEndTest" time="86.320"/>
  <system-out/>
</testsuite> <!-- ca.orbit5.project.OrderCompleteTest -->
